<?xml version="1.0" encoding="UTF-8" ?>
<testsuite failures="0" time="0.407" errors="0" skipped="10" tests="12" name="com.uhc.aarp.preferences.automation.util.CucumberRunnerTest">
  <properties>
[...]
</properties>
  <testcase time="0.006" classname="| 12345678 | expectedFiles\/expectedFile_31352553411.json | 200 | CR12 - TC#0 |" name="Given I provide a individual id as \&quot;12345678\&quot;">
    <skipped/>
  </testcase>
  <testcase time="0.007" classname="| 12345678 | expectedFiles\/expectedFile_31352553411.json | 200 | CR12 - TC#0 |" name="When I invoke the get preferences API">
    <skipped/>
  </testcase>
  <testcase time="0.008" classname="| 12345678 | expectedFiles\/expectedFile_31352553411.json | 200 | CR12 - TC#0 |" name="Then I expect the response as \&quot;expectedFiles\/expectedFile_31352553411.json\&quot;">
    <skipped/>
  </testcase>
  <testcase time="0.008" classname="| 12345678 | expectedFiles\/expectedFile_31352553411.json | 200 | CR12 - TC#0 |" name="And I expect the response to be \&quot;200\&quot;">
    <skipped/>
  </testcase>
  <testcase time="0.009" classname="| 12345678 | expectedFiles\/expectedFile_31352553411.json | 200 | CR12 - TC#0 |" name="| 12345678 | expectedFiles\/expectedFile_31352553411.json | 200 | CR12 - TC#0 |">
    <skipped/>
  </testcase>
  <testcase time="0.009" classname="| 12345678 | expectedFiles\/expectedFile_31352553411.json | 200 | CR12 - TC#0 |" name="| 12345678 | expectedFiles\/expectedFile_31352553411.json | 200 | CR12 - TC#0 |"/>
  <testcase time="0.004" classname="| 35162625611 | expectedFiles\/expectedFile_35162625611.json | 200 | CR12 - TC#1 |" name="Given I provide a individual id as \&quot;35162625611\&quot;">
    <skipped/>
  </testcase>
  <testcase time="0.005" classname="| 35162625611 | expectedFiles\/expectedFile_35162625611.json | 200 | CR12 - TC#1 |" name="When I invoke the get preferences API">
    <skipped/>
  </testcase>
  <testcase time="0.007" classname="| 35162625611 | expectedFiles\/expectedFile_35162625611.json | 200 | CR12 - TC#1 |" name="Then I expect the response as \&quot;expectedFiles\/expectedFile_35162625611.json\&quot;">
    <skipped/>
  </testcase>
  <testcase time="0.007" classname="| 35162625611 | expectedFiles\/expectedFile_35162625611.json | 200 | CR12 - TC#1 |" name="And I expect the response to be \&quot;200\&quot;">
    <skipped/>
  </testcase>
  <testcase time="0.007" classname="| 35162625611 | expectedFiles\/expectedFile_35162625611.json | 200 | CR12 - TC#1 |" name="| 35162625611 | expectedFiles\/expectedFile_35162625611.json | 200 | CR12 - TC#1 |">
    <skipped/>
  </testcase>
  <testcase time="0.008" classname="| 35162625611 | expectedFiles\/expectedFile_35162625611.json | 200 | CR12 - TC#1 |" name="| 35162625611 | expectedFiles\/expectedFile_35162625611.json | 200 | CR12 - TC#1 |"/>
</testsuite>